<?xml version="1.0" encoding="UTF-8"?>
<coverage generated="1634793838773" clover="3.2.0">
  <project timestamp="1634793838773" name="All files">
    <metrics statements="100" coveredstatements="100" conditionals="24" coveredconditionals="22" methods="13" coveredmethods="13" elements="137" coveredelements="135" complexity="0" loc="100" ncloc="100" packages="1" files="8" classes="8"/>
    <file name="constants.ts" path="/home/codexive/work/node/rock-paper-scissors-ts/src/constants.ts">
      <metrics statements="4" coveredstatements="4" conditionals="0" coveredconditionals="0" methods="0" coveredmethods="0"/>
      <line num="1" count="2" type="stmt"/>
      <line num="2" count="2" type="stmt"/>
      <line num="3" count="2" type="stmt"/>
      <line num="4" count="2" type="stmt"/>
    </file>
    <file name="fileWrite.ts" path="/home/codexive/work/node/rock-paper-scissors-ts/src/fileWrite.ts">
      <metrics statements="4" coveredstatements="4" conditionals="0" coveredconditionals="0" methods="1" coveredmethods="1"/>
      <line num="1" count="1" type="stmt"/>
      <line num="3" count="1" type="stmt"/>
      <line num="4" count="6" type="stmt"/>
      <line num="6" count="1" type="stmt"/>
    </file>
    <file name="game.ts" path="/home/codexive/work/node/rock-paper-scissors-ts/src/game.ts">
      <metrics statements="55" coveredstatements="55" conditionals="7" coveredconditionals="5" methods="2" coveredmethods="2"/>
      <line num="1" count="1" type="stmt"/>
      <line num="2" count="1" type="stmt"/>
      <line num="3" count="1" type="stmt"/>
      <line num="4" count="1" type="stmt"/>
      <line num="5" count="1" type="stmt"/>
      <line num="6" count="1" type="stmt"/>
      <line num="7" count="1" type="stmt"/>
      <line num="8" count="1" type="stmt"/>
      <line num="9" count="1" type="stmt"/>
      <line num="10" count="1" type="stmt"/>
      <line num="11" count="1" type="stmt"/>
      <line num="13" count="6" type="stmt"/>
      <line num="14" count="6" type="stmt"/>
      <line num="15" count="6" type="stmt"/>
      <line num="16" count="6" type="stmt"/>
      <line num="18" count="6" type="stmt"/>
      <line num="19" count="6" type="stmt"/>
      <line num="20" count="6" type="stmt"/>
      <line num="22" count="6" type="stmt"/>
      <line num="25" count="6" type="stmt"/>
      <line num="26" count="30" type="stmt"/>
      <line num="27" count="30" type="stmt"/>
      <line num="29" count="30" type="stmt"/>
      <line num="30" count="30" type="stmt"/>
      <line num="31" count="30" type="stmt"/>
      <line num="32" count="30" type="stmt"/>
      <line num="34" count="30" type="stmt"/>
      <line num="35" count="30" type="stmt"/>
      <line num="37" count="30" type="cond" truecount="2" falsecount="0"/>
      <line num="40" count="24" type="stmt"/>
      <line num="41" count="24" type="stmt"/>
      <line num="43" count="24" type="stmt"/>
      <line num="45" count="24" type="stmt"/>
      <line num="47" count="6" type="stmt"/>
      <line num="48" count="6" type="stmt"/>
      <line num="49" count="6" type="stmt"/>
      <line num="51" count="30" type="stmt"/>
      <line num="54" count="6" type="stmt"/>
      <line num="55" count="6" type="stmt"/>
      <line num="56" count="6" type="stmt"/>
      <line num="57" count="6" type="cond" truecount="1" falsecount="1"/>
      <line num="58" count="6" type="cond" truecount="1" falsecount="1"/>
      <line num="59" count="6" type="stmt"/>
      <line num="60" count="6" type="stmt"/>
      <line num="62" count="6" type="stmt"/>
      <line num="63" count="6" type="stmt"/>
      <line num="64" count="6" type="stmt"/>
      <line num="67" count="6" type="stmt"/>
      <line num="68" count="6" type="stmt"/>
      <line num="70" count="6" type="stmt"/>
      <line num="73" count="1" type="stmt"/>
      <line num="74" count="24" type="cond" truecount="1" falsecount="0"/>
      <line num="75" count="9" type="stmt"/>
      <line num="77" count="15" type="stmt"/>
      <line num="80" count="1" type="stmt"/>
    </file>
    <file name="interfaces.ts" path="/home/codexive/work/node/rock-paper-scissors-ts/src/interfaces.ts">
      <metrics statements="7" coveredstatements="7" conditionals="4" coveredconditionals="4" methods="2" coveredmethods="2"/>
      <line num="1" count="3" type="cond" truecount="2" falsecount="0"/>
      <line num="2" count="3" type="stmt"/>
      <line num="3" count="3" type="stmt"/>
      <line num="4" count="3" type="stmt"/>
      <line num="27" count="3" type="cond" truecount="2" falsecount="0"/>
      <line num="28" count="3" type="stmt"/>
      <line num="29" count="3" type="stmt"/>
    </file>
    <file name="moves.ts" path="/home/codexive/work/node/rock-paper-scissors-ts/src/moves.ts">
      <metrics statements="2" coveredstatements="2" conditionals="0" coveredconditionals="0" methods="1" coveredmethods="1"/>
      <line num="3" count="30" type="stmt"/>
      <line num="8" count="1" type="stmt"/>
    </file>
    <file name="output.ts" path="/home/codexive/work/node/rock-paper-scissors-ts/src/output.ts">
      <metrics statements="11" coveredstatements="11" conditionals="0" coveredconditionals="0" methods="4" coveredmethods="4"/>
      <line num="1" count="2" type="stmt"/>
      <line num="2" count="2" type="stmt"/>
      <line num="4" count="7" type="stmt"/>
      <line num="6" count="2" type="stmt"/>
      <line num="7" count="7" type="stmt"/>
      <line num="8" count="7" type="stmt"/>
      <line num="9" count="24" type="stmt"/>
      <line num="12" count="157" type="stmt"/>
      <line num="14" count="2" type="stmt"/>
      <line num="15" count="43" type="stmt"/>
      <line num="17" count="2" type="stmt"/>
    </file>
    <file name="playerFactory.ts" path="/home/codexive/work/node/rock-paper-scissors-ts/src/playerFactory.ts">
      <metrics statements="5" coveredstatements="5" conditionals="0" coveredconditionals="0" methods="2" coveredmethods="2"/>
      <line num="1" count="2" type="stmt"/>
      <line num="3" count="62" type="stmt"/>
      <line num="5" count="2" type="stmt"/>
      <line num="6" count="7" type="stmt"/>
      <line num="12" count="2" type="stmt"/>
    </file>
    <file name="winCalculator.ts" path="/home/codexive/work/node/rock-paper-scissors-ts/src/winCalculator.ts">
      <metrics statements="12" coveredstatements="12" conditionals="13" coveredconditionals="13" methods="1" coveredmethods="1"/>
      <line num="1" count="2" type="stmt"/>
      <line num="2" count="2" type="stmt"/>
      <line num="4" count="2" type="stmt"/>
      <line num="5" count="38" type="cond" truecount="1" falsecount="0"/>
      <line num="9" count="2" type="stmt"/>
      <line num="11" count="36" type="cond" truecount="1" falsecount="0"/>
      <line num="12" count="9" type="stmt"/>
      <line num="15" count="27" type="cond" truecount="3" falsecount="0"/>
      <line num="17" count="14" type="cond" truecount="2" falsecount="0"/>
      <line num="27" count="7" type="cond" truecount="2" falsecount="0"/>
      <line num="37" count="6" type="cond" truecount="2" falsecount="0"/>
      <line num="49" count="2" type="stmt"/>
    </file>
  </project>
</coverage>
