{"/home/codexive/work/node/rock-paper-scissors-ts/src/constants.ts": {"path":"/home/codexive/work/node/rock-paper-scissors-ts/src/constants.ts","statementMap":{"0":{"start":{"line":1,"column":13},"end":{"line":1,"column":null}},"1":{"start":{"line":2,"column":13},"end":{"line":2,"column":null}},"2":{"start":{"line":3,"column":13},"end":{"line":3,"column":null}},"3":{"start":{"line":4,"column":13},"end":{"line":4,"column":null}}},"fnMap":{},"branchMap":{},"s":{"0":2,"1":2,"2":2,"3":2},"f":{},"b":{}}
,"/home/codexive/work/node/rock-paper-scissors-ts/src/fileWrite.ts": {"path":"/home/codexive/work/node/rock-paper-scissors-ts/src/fileWrite.ts","statementMap":{"0":{"start":{"line":1,"column":11},"end":{"line":1,"column":24}},"1":{"start":{"line":3,"column":18},"end":{"line":5,"column":1}},"2":{"start":{"line":4,"column":2},"end":{"line":4,"column":null}},"3":{"start":{"line":6,"column":0},"end":{"line":6,"column":25}}},"fnMap":{"0":{"name":"(anonymous_0)","decl":{"start":{"line":3,"column":18},"end":{"line":3,"column":19}},"loc":{"start":{"line":3,"column":30},"end":{"line":5,"column":1}}}},"branchMap":{},"s":{"0":1,"1":1,"2":6,"3":1},"f":{"0":6},"b":{}}
,"/home/codexive/work/node/rock-paper-scissors-ts/src/game.ts": {"path":"/home/codexive/work/node/rock-paper-scissors-ts/src/game.ts","statementMap":{"0":{"start":{"line":1,"column":0},"end":{"line":1,"column":64}},"1":{"start":{"line":2,"column":0},"end":{"line":2,"column":76}},"2":{"start":{"line":3,"column":0},"end":{"line":3,"column":49}},"3":{"start":{"line":4,"column":0},"end":{"line":4,"column":47}},"4":{"start":{"line":5,"column":0},"end":{"line":5,"column":35}},"5":{"start":{"line":6,"column":0},"end":{"line":6,"column":41}},"6":{"start":{"line":7,"column":0},"end":{"line":7,"column":35}},"7":{"start":{"line":8,"column":11},"end":{"line":8,"column":24}},"8":{"start":{"line":9,"column":14},"end":{"line":9,"column":15}},"9":{"start":{"line":10,"column":14},"end":{"line":10,"column":15}},"10":{"start":{"line":11,"column":13},"end":{"line":71,"column":1}},"11":{"start":{"line":13,"column":24},"end":{"line":13,"column":26}},"12":{"start":{"line":14,"column":2},"end":{"line":14,"column":null}},"13":{"start":{"line":15,"column":2},"end":{"line":15,"column":null}},"14":{"start":{"line":16,"column":2},"end":{"line":16,"column":44}},"15":{"start":{"line":18,"column":2},"end":{"line":18,"column":null}},"16":{"start":{"line":19,"column":2},"end":{"line":19,"column":56}},"17":{"start":{"line":20,"column":2},"end":{"line":20,"column":null}},"18":{"start":{"line":22,"column":18},"end":{"line":22,"column":33}},"19":{"start":{"line":25,"column":2},"end":{"line":52,"column":null}},"20":{"start":{"line":25,"column":19},"end":{"line":25,"column":20}},"21":{"start":{"line":26,"column":4},"end":{"line":26,"column":null}},"22":{"start":{"line":27,"column":4},"end":{"line":27,"column":37}},"23":{"start":{"line":29,"column":18},"end":{"line":29,"column":36}},"24":{"start":{"line":30,"column":19},"end":{"line":30,"column":41}},"25":{"start":{"line":31,"column":4},"end":{"line":31,"column":null}},"26":{"start":{"line":32,"column":4},"end":{"line":32,"column":76}},"27":{"start":{"line":34,"column":4},"end":{"line":34,"column":null}},"28":{"start":{"line":35,"column":4},"end":{"line":35,"column":76}},"29":{"start":{"line":37,"column":4},"end":{"line":50,"column":null}},"30":{"start":{"line":40,"column":8},"end":{"line":40,"column":53}},"31":{"start":{"line":41,"column":8},"end":{"line":41,"column":56}},"32":{"start":{"line":43,"column":8},"end":{"line":43,"column":45}},"33":{"start":{"line":45,"column":8},"end":{"line":45,"column":14}},"34":{"start":{"line":47,"column":8},"end":{"line":47,"column":28}},"35":{"start":{"line":48,"column":8},"end":{"line":48,"column":37}},"36":{"start":{"line":49,"column":8},"end":{"line":49,"column":14}},"37":{"start":{"line":51,"column":4},"end":{"line":51,"column":null}},"38":{"start":{"line":54,"column":2},"end":{"line":54,"column":null}},"39":{"start":{"line":55,"column":2},"end":{"line":55,"column":38}},"40":{"start":{"line":56,"column":2},"end":{"line":56,"column":24}},"41":{"start":{"line":57,"column":2},"end":{"line":57,"column":75}},"42":{"start":{"line":58,"column":2},"end":{"line":58,"column":null}},"43":{"start":{"line":59,"column":2},"end":{"line":59,"column":null}},"44":{"start":{"line":60,"column":2},"end":{"line":60,"column":48}},"45":{"start":{"line":62,"column":2},"end":{"line":62,"column":null}},"46":{"start":{"line":63,"column":2},"end":{"line":63,"column":48}},"47":{"start":{"line":64,"column":2},"end":{"line":64,"column":21}},"48":{"start":{"line":67,"column":2},"end":{"line":67,"column":null}},"49":{"start":{"line":68,"column":2},"end":{"line":68,"column":57}},"50":{"start":{"line":70,"column":2},"end":{"line":70,"column":null}},"51":{"start":{"line":80,"column":9},"end":{"line":80,"column":13}},"52":{"start":{"line":73,"column":27},"end":{"line":78,"column":3}},"53":{"start":{"line":74,"column":2},"end":{"line":76,"column":null}},"54":{"start":{"line":75,"column":4},"end":{"line":75,"column":null}},"55":{"start":{"line":77,"column":3},"end":{"line":77,"column":15}},"56":{"start":{"line":73,"column":13},"end":{"line":73,"column":27}}},"fnMap":{"0":{"name":"(anonymous_1)","decl":{"start":{"line":11,"column":13},"end":{"line":11,"column":null}},"loc":{"start":{"line":11,"column":13},"end":{"line":71,"column":1}}},"1":{"name":"(anonymous_2)","decl":{"start":{"line":73,"column":27},"end":{"line":73,"column":28}},"loc":{"start":{"line":73,"column":37},"end":{"line":78,"column":3}}}},"branchMap":{"0":{"loc":{"start":{"line":37,"column":4},"end":{"line":50,"column":null}},"type":"switch","locations":[{"start":{"line":38,"column":6},"end":{"line":45,"column":14}},{"start":{"line":46,"column":6},"end":{"line":49,"column":14}}]},"1":{"loc":{"start":{"line":57,"column":2},"end":{"line":57,"column":74}},"type":"cond-expr","locations":[{"start":{"line":57,"column":14},"end":{"line":57,"column":42}},{"start":{"line":57,"column":46},"end":{"line":57,"column":74}}]},"2":{"loc":{"start":{"line":58,"column":2},"end":{"line":58,"column":74}},"type":"cond-expr","locations":[{"start":{"line":58,"column":14},"end":{"line":58,"column":43}},{"start":{"line":58,"column":45},"end":{"line":58,"column":74}}]},"3":{"loc":{"start":{"line":74,"column":2},"end":{"line":76,"column":null}},"type":"if","locations":[{"start":{"line":74,"column":2},"end":{"line":76,"column":null}}]}},"s":{"0":1,"1":1,"2":1,"3":1,"4":1,"5":1,"6":1,"7":1,"8":1,"9":1,"10":1,"11":6,"12":6,"13":6,"14":6,"15":6,"16":6,"17":6,"18":6,"19":6,"20":6,"21":30,"22":30,"23":30,"24":30,"25":30,"26":30,"27":30,"28":30,"29":30,"30":24,"31":24,"32":24,"33":24,"34":6,"35":6,"36":6,"37":30,"38":6,"39":6,"40":6,"41":6,"42":6,"43":6,"44":6,"45":6,"46":6,"47":6,"48":6,"49":6,"50":6,"51":1,"52":1,"53":24,"54":9,"55":15,"56":1},"f":{"0":6,"1":24},"b":{"0":[24,6],"1":[0,6],"2":[0,6],"3":[9]}}
,"/home/codexive/work/node/rock-paper-scissors-ts/src/interfaces.ts": {"path":"/home/codexive/work/node/rock-paper-scissors-ts/src/interfaces.ts","statementMap":{"0":{"start":{"line":1,"column":0},"end":{"line":1,"column":null}},"1":{"start":{"line":2,"column":2},"end":{"line":2,"column":null}},"2":{"start":{"line":3,"column":2},"end":{"line":3,"column":null}},"3":{"start":{"line":4,"column":2},"end":{"line":4,"column":null}},"4":{"start":{"line":27,"column":0},"end":{"line":27,"column":null}},"5":{"start":{"line":28,"column":2},"end":{"line":28,"column":null}},"6":{"start":{"line":29,"column":2},"end":{"line":29,"column":null}}},"fnMap":{"0":{"name":"(anonymous_0)","decl":{"start":{"line":1,"column":0},"end":{"line":1,"column":12}},"loc":{"start":{"line":1,"column":16},"end":{"line":5,"column":1}}},"1":{"name":"(anonymous_1)","decl":{"start":{"line":27,"column":0},"end":{"line":27,"column":12}},"loc":{"start":{"line":27,"column":22},"end":{"line":30,"column":1}}}},"branchMap":{"0":{"loc":{"start":{"line":1,"column":12},"end":{"line":1,"column":null}},"type":"binary-expr","locations":[{"start":{"line":1,"column":12},"end":{"line":1,"column":16}},{"start":{"line":1,"column":12},"end":{"line":1,"column":null}}]},"1":{"loc":{"start":{"line":27,"column":12},"end":{"line":27,"column":null}},"type":"binary-expr","locations":[{"start":{"line":27,"column":12},"end":{"line":27,"column":22}},{"start":{"line":27,"column":12},"end":{"line":27,"column":null}}]}},"s":{"0":3,"1":3,"2":3,"3":3,"4":3,"5":3,"6":3},"f":{"0":3,"1":3},"b":{"0":[3,3],"1":[3,3]}}
,"/home/codexive/work/node/rock-paper-scissors-ts/src/moves.ts": {"path":"/home/codexive/work/node/rock-paper-scissors-ts/src/moves.ts","statementMap":{"0":{"start":{"line":3,"column":18},"end":{"line":3,"column":54}},"1":{"start":{"line":3,"column":53},"end":{"line":6,"column":null}},"2":{"start":{"line":8,"column":9},"end":{"line":8,"column":18}}},"fnMap":{"0":{"name":"(anonymous_0)","decl":{"start":{"line":3,"column":18},"end":{"line":3,"column":19}},"loc":{"start":{"line":3,"column":35},"end":{"line":3,"column":54}}}},"branchMap":{},"s":{"0":1,"1":30,"2":1},"f":{"0":30},"b":{}}
,"/home/codexive/work/node/rock-paper-scissors-ts/src/output.ts": {"path":"/home/codexive/work/node/rock-paper-scissors-ts/src/output.ts","statementMap":{"0":{"start":{"line":1,"column":0},"end":{"line":1,"column":25}},"1":{"start":{"line":2,"column":0},"end":{"line":2,"column":33}},"2":{"start":{"line":4,"column":14},"end":{"line":4,"column":27}},"3":{"start":{"line":4,"column":20},"end":{"line":4,"column":null}},"4":{"start":{"line":17,"column":9},"end":{"line":17,"column":14}},"5":{"start":{"line":6,"column":19},"end":{"line":10,"column":1}},"6":{"start":{"line":7,"column":16},"end":{"line":7,"column":31}},"7":{"start":{"line":8,"column":2},"end":{"line":9,"column":null}},"8":{"start":{"line":9,"column":4},"end":{"line":9,"column":null}},"9":{"start":{"line":17,"column":16},"end":{"line":17,"column":26}},"10":{"start":{"line":12,"column":18},"end":{"line":12,"column":43}},"11":{"start":{"line":12,"column":36},"end":{"line":12,"column":null}},"12":{"start":{"line":17,"column":28},"end":{"line":17,"column":37}},"13":{"start":{"line":14,"column":28},"end":{"line":15,"column":9}},"14":{"start":{"line":15,"column":2},"end":{"line":15,"column":null}},"15":{"start":{"line":17,"column":39},"end":{"line":17,"column":58}}},"fnMap":{"0":{"name":"(anonymous_1)","decl":{"start":{"line":4,"column":14},"end":{"line":4,"column":20}},"loc":{"start":{"line":4,"column":14},"end":{"line":4,"column":27}}},"1":{"name":"(anonymous_2)","decl":{"start":{"line":6,"column":19},"end":{"line":6,"column":20}},"loc":{"start":{"line":6,"column":32},"end":{"line":10,"column":1}}},"2":{"name":"(anonymous_3)","decl":{"start":{"line":12,"column":18},"end":{"line":12,"column":19}},"loc":{"start":{"line":12,"column":31},"end":{"line":12,"column":43}}},"3":{"name":"(anonymous_4)","decl":{"start":{"line":14,"column":28},"end":{"line":14,"column":null}},"loc":{"start":{"line":14,"column":28},"end":{"line":15,"column":9}}}},"branchMap":{},"s":{"0":2,"1":2,"2":2,"3":7,"4":2,"5":2,"6":7,"7":7,"8":24,"9":2,"10":2,"11":157,"12":2,"13":2,"14":43,"15":2},"f":{"0":7,"1":7,"2":157,"3":43},"b":{}}
,"/home/codexive/work/node/rock-paper-scissors-ts/src/playerFactory.ts": {"path":"/home/codexive/work/node/rock-paper-scissors-ts/src/playerFactory.ts","statementMap":{"0":{"start":{"line":1,"column":0},"end":{"line":1,"column":44}},"1":{"start":{"line":3,"column":13},"end":{"line":3,"column":25}},"2":{"start":{"line":3,"column":19},"end":{"line":3,"column":null}},"3":{"start":{"line":5,"column":22},"end":{"line":10,"column":1}},"4":{"start":{"line":6,"column":2},"end":{"line":9,"column":null}},"5":{"start":{"line":12,"column":9},"end":{"line":12,"column":22}}},"fnMap":{"0":{"name":"(anonymous_0)","decl":{"start":{"line":3,"column":13},"end":{"line":3,"column":19}},"loc":{"start":{"line":3,"column":13},"end":{"line":3,"column":25}}},"1":{"name":"(anonymous_1)","decl":{"start":{"line":5,"column":22},"end":{"line":5,"column":null}},"loc":{"start":{"line":5,"column":22},"end":{"line":10,"column":1}}}},"branchMap":{},"s":{"0":2,"1":2,"2":62,"3":2,"4":7,"5":2},"f":{"0":62,"1":7},"b":{}}
,"/home/codexive/work/node/rock-paper-scissors-ts/src/winCalculator.ts": {"path":"/home/codexive/work/node/rock-paper-scissors-ts/src/winCalculator.ts","statementMap":{"0":{"start":{"line":1,"column":0},"end":{"line":1,"column":43}},"1":{"start":{"line":2,"column":0},"end":{"line":2,"column":69}},"2":{"start":{"line":4,"column":24},"end":{"line":47,"column":1}},"3":{"start":{"line":5,"column":2},"end":{"line":10,"column":null}},"4":{"start":{"line":9,"column":4},"end":{"line":9,"column":34}},"5":{"start":{"line":11,"column":2},"end":{"line":14,"column":6}},"6":{"start":{"line":12,"column":4},"end":{"line":14,"column":6}},"7":{"start":{"line":15,"column":2},"end":{"line":46,"column":null}},"8":{"start":{"line":17,"column":6},"end":{"line":25,"column":12}},"9":{"start":{"line":27,"column":6},"end":{"line":35,"column":12}},"10":{"start":{"line":37,"column":6},"end":{"line":45,"column":12}},"11":{"start":{"line":49,"column":9},"end":{"line":49,"column":24}}},"fnMap":{"0":{"name":"(anonymous_0)","decl":{"start":{"line":4,"column":24},"end":{"line":4,"column":25}},"loc":{"start":{"line":4,"column":43},"end":{"line":47,"column":1}}}},"branchMap":{"0":{"loc":{"start":{"line":5,"column":2},"end":{"line":10,"column":null}},"type":"if","locations":[{"start":{"line":5,"column":2},"end":{"line":10,"column":null}}]},"1":{"loc":{"start":{"line":6,"column":4},"end":{"line":7,"column":65}},"type":"binary-expr","locations":[{"start":{"line":6,"column":4},"end":{"line":6,"column":65}},{"start":{"line":7,"column":4},"end":{"line":7,"column":65}}]},"2":{"loc":{"start":{"line":11,"column":2},"end":{"line":14,"column":6}},"type":"if","locations":[{"start":{"line":11,"column":2},"end":{"line":14,"column":6}}]},"3":{"loc":{"start":{"line":15,"column":2},"end":{"line":46,"column":null}},"type":"switch","locations":[{"start":{"line":16,"column":4},"end":{"line":25,"column":12}},{"start":{"line":26,"column":4},"end":{"line":35,"column":12}},{"start":{"line":36,"column":4},"end":{"line":45,"column":12}}]},"4":{"loc":{"start":{"line":17,"column":13},"end":{"line":25,"column":12}},"type":"cond-expr","locations":[{"start":{"line":18,"column":10},"end":{"line":21,"column":null}},{"start":{"line":22,"column":10},"end":{"line":25,"column":12}}]},"5":{"loc":{"start":{"line":27,"column":13},"end":{"line":35,"column":12}},"type":"cond-expr","locations":[{"start":{"line":28,"column":10},"end":{"line":31,"column":null}},{"start":{"line":32,"column":10},"end":{"line":35,"column":12}}]},"6":{"loc":{"start":{"line":37,"column":13},"end":{"line":45,"column":12}},"type":"cond-expr","locations":[{"start":{"line":38,"column":10},"end":{"line":41,"column":null}},{"start":{"line":42,"column":10},"end":{"line":45,"column":12}}]}},"s":{"0":2,"1":2,"2":2,"3":38,"4":2,"5":36,"6":9,"7":27,"8":14,"9":7,"10":6,"11":2},"f":{"0":38},"b":{"0":[2],"1":[38,36],"2":[9],"3":[14,7,6],"4":[5,9],"5":[5,2],"6":[2,4]}}
}
