TN:
SF:src/constants.ts
FNF:0
FNH:0
DA:1,2
DA:2,2
DA:3,2
DA:4,2
LF:4
LH:4
BRF:0
BRH:0
end_of_record
TN:
SF:src/fileWrite.ts
FN:3,(anonymous_0)
FNF:1
FNH:1
FNDA:6,(anonymous_0)
DA:1,1
DA:3,1
DA:4,6
DA:6,1
LF:4
LH:4
BRF:0
BRH:0
end_of_record
TN:
SF:src/game.ts
FN:11,(anonymous_1)
FN:73,(anonymous_2)
FNF:2
FNH:2
FNDA:6,(anonymous_1)
FNDA:24,(anonymous_2)
DA:1,1
DA:2,1
DA:3,1
DA:4,1
DA:5,1
DA:6,1
DA:7,1
DA:8,1
DA:9,1
DA:10,1
DA:11,1
DA:13,6
DA:14,6
DA:15,6
DA:16,6
DA:18,6
DA:19,6
DA:20,6
DA:22,6
DA:25,6
DA:26,30
DA:27,30
DA:29,30
DA:30,30
DA:31,30
DA:32,30
DA:34,30
DA:35,30
DA:37,30
DA:40,24
DA:41,24
DA:43,24
DA:45,24
DA:47,6
DA:48,6
DA:49,6
DA:51,30
DA:54,6
DA:55,6
DA:56,6
DA:57,6
DA:58,6
DA:59,6
DA:60,6
DA:62,6
DA:63,6
DA:64,6
DA:67,6
DA:68,6
DA:70,6
DA:73,1
DA:74,24
DA:75,9
DA:77,15
DA:80,1
LF:55
LH:55
BRDA:37,0,0,24
BRDA:37,0,1,6
BRDA:57,1,0,0
BRDA:57,1,1,6
BRDA:58,2,0,0
BRDA:58,2,1,6
BRDA:74,3,0,9
BRF:7
BRH:5
end_of_record
TN:
SF:src/interfaces.ts
FN:1,(anonymous_0)
FN:27,(anonymous_1)
FNF:2
FNH:2
FNDA:3,(anonymous_0)
FNDA:3,(anonymous_1)
DA:1,3
DA:2,3
DA:3,3
DA:4,3
DA:27,3
DA:28,3
DA:29,3
LF:7
LH:7
BRDA:1,0,0,3
BRDA:1,0,1,3
BRDA:27,1,0,3
BRDA:27,1,1,3
BRF:4
BRH:4
end_of_record
TN:
SF:src/moves.ts
FN:3,(anonymous_0)
FNF:1
FNH:1
FNDA:30,(anonymous_0)
DA:3,30
DA:8,1
LF:2
LH:2
BRF:0
BRH:0
end_of_record
TN:
SF:src/output.ts
FN:4,(anonymous_1)
FN:6,(anonymous_2)
FN:12,(anonymous_3)
FN:14,(anonymous_4)
FNF:4
FNH:4
FNDA:7,(anonymous_1)
FNDA:7,(anonymous_2)
FNDA:157,(anonymous_3)
FNDA:43,(anonymous_4)
DA:1,2
DA:2,2
DA:4,7
DA:6,2
DA:7,7
DA:8,7
DA:9,24
DA:12,157
DA:14,2
DA:15,43
DA:17,2
LF:11
LH:11
BRF:0
BRH:0
end_of_record
TN:
SF:src/playerFactory.ts
FN:3,(anonymous_0)
FN:5,(anonymous_1)
FNF:2
FNH:2
FNDA:62,(anonymous_0)
FNDA:7,(anonymous_1)
DA:1,2
DA:3,62
DA:5,2
DA:6,7
DA:12,2
LF:5
LH:5
BRF:0
BRH:0
end_of_record
TN:
SF:src/winCalculator.ts
FN:4,(anonymous_0)
FNF:1
FNH:1
FNDA:38,(anonymous_0)
DA:1,2
DA:2,2
DA:4,2
DA:5,38
DA:9,2
DA:11,36
DA:12,9
DA:15,27
DA:17,14
DA:27,7
DA:37,6
DA:49,2
LF:12
LH:12
BRDA:5,0,0,2
BRDA:6,1,0,38
BRDA:6,1,1,36
BRDA:11,2,0,9
BRDA:15,3,0,14
BRDA:15,3,1,7
BRDA:15,3,2,6
BRDA:17,4,0,5
BRDA:17,4,1,9
BRDA:27,5,0,5
BRDA:27,5,1,2
BRDA:37,6,0,2
BRDA:37,6,1,4
BRF:13
BRH:13
end_of_record
